TN:
SF:/home/marija/Desktop/Verifikacija/2024_Analysis_ne-ljuti-se-covece/ne-ljuti-se-covece/src/common/message.cpp
FN:105,108,_ZN15JoinGameMessageC2E7QString
FN:110,113,_ZN15JoinGameMessageC2ERK11QJsonObject
FN:115,118,_ZNK15JoinGameMessage11getGameCodeEv
FN:12,15,_ZNK8Response15getErrorMessageEv
FN:120,126,_ZN15JoinGameMessage6toJsonEv
FN:132,139,_ZN16JoinGameResponseC2Eb5Color7QString
FN:141,147,_ZN16JoinGameResponseC2ERK11QJsonObject
FN:149,152,_ZNK16JoinGameResponse9getJoinedEv
FN:154,157,_ZNK16JoinGameResponse8getColorEv
FN:159,168,_ZN16JoinGameResponse6toJsonEv
FN:17,20,_ZNK8Response10getSuccessEv
FN:175,177,_ZN18PlayerReadyMessageC2Ev
FN:179,181,_ZN18PlayerReadyMessageC2ERK11QJsonObject
FN:183,188,_ZN18PlayerReadyMessage6toJsonEv
FN:195,201,_ZN19PlayerReadyResponseC2E5Colorb7QString
FN:203,209,_ZN19PlayerReadyResponseC2ERK11QJsonObject
FN:211,214,_ZNK19PlayerReadyResponse8getColorEv
FN:216,224,_ZN19PlayerReadyResponse6toJsonEv
FN:22,25,_ZNK8Response15shouldBroadcastEv
FN:230,232,_ZN16StartGameMessageC2Ev
FN:234,236,_ZN16StartGameMessageC2ERK11QJsonObject
FN:238,243,_ZN16StartGameMessage6toJsonEv
FN:250,256,_ZN17StartGameResponseC2E5Colorb7QString
FN:258,264,_ZN17StartGameResponseC2ERK11QJsonObject
FN:266,269,_ZNK17StartGameResponse8getColorEv
FN:271,279,_ZN17StartGameResponse6toJsonEv
FN:285,287,_ZN14EndTurnMessageC2Ev
FN:289,291,_ZN14EndTurnMessageC2ERK11QJsonObject
FN:293,298,_ZN14EndTurnMessage6toJsonEv
FN:30,33,_ZN17CreateGameMessageC2Ei
FN:305,311,_ZN15EndTurnResponseC2E5Colorb7QString
FN:313,319,_ZN15EndTurnResponseC2ERK11QJsonObject
FN:321,329,_ZN15EndTurnResponse6toJsonEv
FN:331,334,_ZNK15EndTurnResponse8getColorEv
FN:340,343,_ZN15RollDiceMessageC2Ev
FN:345,348,_ZN15RollDiceMessageC2ERK11QJsonObject
FN:35,38,_ZN17CreateGameMessageC2ERK11QJsonObject
FN:350,355,_ZN15RollDiceMessage6toJsonEv
FN:363,369,_ZN16RollDiceResponseC2Ei5Color
FN:371,378,_ZN16RollDiceResponseC2E5Color7QString
FN:380,386,_ZN16RollDiceResponseC2ERK11QJsonObject
FN:388,397,_ZN16RollDiceResponse6toJsonEv
FN:399,402,_ZNK16RollDiceResponse9getNumberEv
FN:4,10,_ZN7Message14prepareMessageEv
FN:40,43,_ZNK17CreateGameMessage18getNumberOfPlayersEv
FN:404,407,_ZNK16RollDiceResponse8getColorEv
FN:415,420,_ZN15EndGameResponseC2E5Color
FN:421,427,_ZN15EndGameResponseC2E5Color7QString
FN:428,433,_ZN15EndGameResponseC2ERK11QJsonObject
FN:435,443,_ZN15EndGameResponse6toJsonEv
FN:445,448,_ZNK15EndGameResponse8getColorEv
FN:45,51,_ZN17CreateGameMessage6toJsonEv
FN:456,460,_ZN15MovePawnMessageC2E7QString5Color
FN:462,466,_ZN15MovePawnMessageC2ERK11QJsonObject
FN:468,475,_ZN15MovePawnMessage6toJsonEv
FN:483,492,_ZN16MovePawnResponseC2E7QString5ColorS0_S0_S1_
FN:494,503,_ZN16MovePawnResponseC2ERK11QJsonObject
FN:505,511,_ZN16MovePawnResponseC2E5Color7QString
FN:513,525,_ZN16MovePawnResponse6toJsonEv
FN:527,530,_ZNK16MovePawnResponse8getColorEv
FN:532,535,_ZNK16MovePawnResponse11getNewFieldEv
FN:537,540,_ZNK16MovePawnResponse11getOldFieldEv
FN:549,553,_ZN20ActivateMagicMessageC2E7QString
FN:555,560,_ZN20ActivateMagicMessageC2E7QStringi
FN:562,566,_ZN20ActivateMagicMessageC2ERK11QJsonObject
FN:567,570,_ZNK20ActivateMagicMessage13getFieldMagicEv
FN:57,63,_ZN18CreateGameResponseC2E7QString5Color
FN:572,575,_ZNK20ActivateMagicMessage13getRemoteDiceEv
FN:577,584,_ZN20ActivateMagicMessage6toJsonEv
FN:593,601,_ZN21ActivateMagicResponseC2E5Color7QStringi
FN:603,611,_ZN21ActivateMagicResponseC2E5Color7QStringii
FN:613,619,_ZN21ActivateMagicResponseC2E5Color7QString
FN:621,630,_ZN21ActivateMagicResponseC2ERK11QJsonObject
FN:631,634,_ZNK21ActivateMagicResponse16getNewDiceNumberEv
FN:636,639,_ZNK21ActivateMagicResponse8getColorEv
FN:641,644,_ZNK21ActivateMagicResponse12getFieldNameEv
FN:646,649,_ZNK21ActivateMagicResponse23getRemainingMagicNumberEv
FN:65,70,_ZN18CreateGameResponseC2E7QString
FN:651,663,_ZN21ActivateMagicResponse6toJsonEv
FN:72,78,_ZN18CreateGameResponseC2ERK11QJsonObject
FN:80,83,_ZNK18CreateGameResponse8getColorEv
FN:85,88,_ZNK18CreateGameResponse11getGameCodeEv
FN:90,99,_ZN18CreateGameResponse6toJsonEv
FNDA:6,_ZN15JoinGameMessageC2E7QString
FNDA:1,_ZN15JoinGameMessageC2ERK11QJsonObject
FNDA:5,_ZNK15JoinGameMessage11getGameCodeEv
FNDA:44,_ZNK8Response15getErrorMessageEv
FNDA:1,_ZN15JoinGameMessage6toJsonEv
FNDA:7,_ZN16JoinGameResponseC2Eb5Color7QString
FNDA:2,_ZN16JoinGameResponseC2ERK11QJsonObject
FNDA:6,_ZNK16JoinGameResponse9getJoinedEv
FNDA:3,_ZNK16JoinGameResponse8getColorEv
FNDA:2,_ZN16JoinGameResponse6toJsonEv
FNDA:40,_ZNK8Response10getSuccessEv
FNDA:5,_ZN18PlayerReadyMessageC2Ev
FNDA:1,_ZN18PlayerReadyMessageC2ERK11QJsonObject
FNDA:1,_ZN18PlayerReadyMessage6toJsonEv
FNDA:6,_ZN19PlayerReadyResponseC2E5Colorb7QString
FNDA:2,_ZN19PlayerReadyResponseC2ERK11QJsonObject
FNDA:5,_ZNK19PlayerReadyResponse8getColorEv
FNDA:2,_ZN19PlayerReadyResponse6toJsonEv
FNDA:13,_ZNK8Response15shouldBroadcastEv
FNDA:5,_ZN16StartGameMessageC2Ev
FNDA:1,_ZN16StartGameMessageC2ERK11QJsonObject
FNDA:1,_ZN16StartGameMessage6toJsonEv
FNDA:6,_ZN17StartGameResponseC2E5Colorb7QString
FNDA:2,_ZN17StartGameResponseC2ERK11QJsonObject
FNDA:6,_ZNK17StartGameResponse8getColorEv
FNDA:2,_ZN17StartGameResponse6toJsonEv
FNDA:5,_ZN14EndTurnMessageC2Ev
FNDA:1,_ZN14EndTurnMessageC2ERK11QJsonObject
FNDA:1,_ZN14EndTurnMessage6toJsonEv
FNDA:8,_ZN17CreateGameMessageC2Ei
FNDA:6,_ZN15EndTurnResponseC2E5Colorb7QString
FNDA:2,_ZN15EndTurnResponseC2ERK11QJsonObject
FNDA:2,_ZN15EndTurnResponse6toJsonEv
FNDA:6,_ZNK15EndTurnResponse8getColorEv
FNDA:4,_ZN15RollDiceMessageC2Ev
FNDA:1,_ZN15RollDiceMessageC2ERK11QJsonObject
FNDA:2,_ZN17CreateGameMessageC2ERK11QJsonObject
FNDA:1,_ZN15RollDiceMessage6toJsonEv
FNDA:2,_ZN16RollDiceResponseC2Ei5Color
FNDA:3,_ZN16RollDiceResponseC2E5Color7QString
FNDA:2,_ZN16RollDiceResponseC2ERK11QJsonObject
FNDA:2,_ZN16RollDiceResponse6toJsonEv
FNDA:1,_ZNK16RollDiceResponse9getNumberEv
FNDA:18,_ZN7Message14prepareMessageEv
FNDA:4,_ZNK17CreateGameMessage18getNumberOfPlayersEv
FNDA:5,_ZNK16RollDiceResponse8getColorEv
FNDA:0,_ZN15EndGameResponseC2E5Color
FNDA:0,_ZN15EndGameResponseC2E5Color7QString
FNDA:0,_ZN15EndGameResponseC2ERK11QJsonObject
FNDA:0,_ZN15EndGameResponse6toJsonEv
FNDA:0,_ZNK15EndGameResponse8getColorEv
FNDA:2,_ZN17CreateGameMessage6toJsonEv
FNDA:6,_ZN15MovePawnMessageC2E7QString5Color
FNDA:1,_ZN15MovePawnMessageC2ERK11QJsonObject
FNDA:1,_ZN15MovePawnMessage6toJsonEv
FNDA:3,_ZN16MovePawnResponseC2E7QString5ColorS0_S0_S1_
FNDA:2,_ZN16MovePawnResponseC2ERK11QJsonObject
FNDA:4,_ZN16MovePawnResponseC2E5Color7QString
FNDA:2,_ZN16MovePawnResponse6toJsonEv
FNDA:3,_ZNK16MovePawnResponse8getColorEv
FNDA:3,_ZNK16MovePawnResponse11getNewFieldEv
FNDA:3,_ZNK16MovePawnResponse11getOldFieldEv
FNDA:0,_ZN20ActivateMagicMessageC2E7QString
FNDA:5,_ZN20ActivateMagicMessageC2E7QStringi
FNDA:0,_ZN20ActivateMagicMessageC2ERK11QJsonObject
FNDA:5,_ZNK20ActivateMagicMessage13getFieldMagicEv
FNDA:6,_ZN18CreateGameResponseC2E7QString5Color
FNDA:1,_ZNK20ActivateMagicMessage13getRemoteDiceEv
FNDA:0,_ZN20ActivateMagicMessage6toJsonEv
FNDA:1,_ZN21ActivateMagicResponseC2E5Color7QStringi
FNDA:0,_ZN21ActivateMagicResponseC2E5Color7QStringii
FNDA:4,_ZN21ActivateMagicResponseC2E5Color7QString
FNDA:0,_ZN21ActivateMagicResponseC2ERK11QJsonObject
FNDA:0,_ZNK21ActivateMagicResponse16getNewDiceNumberEv
FNDA:1,_ZNK21ActivateMagicResponse8getColorEv
FNDA:0,_ZNK21ActivateMagicResponse12getFieldNameEv
FNDA:0,_ZNK21ActivateMagicResponse23getRemainingMagicNumberEv
FNDA:4,_ZN18CreateGameResponseC2E7QString
FNDA:0,_ZN21ActivateMagicResponse6toJsonEv
FNDA:4,_ZN18CreateGameResponseC2ERK11QJsonObject
FNDA:7,_ZNK18CreateGameResponse8getColorEv
FNDA:7,_ZNK18CreateGameResponse11getGameCodeEv
FNDA:4,_ZN18CreateGameResponse6toJsonEv
FNF:83
FNH:69
DA:4,18
DA:6,18
DA:7,18
DA:8,18
DA:9,36
DA:10,18
DA:12,44
DA:14,44
DA:17,40
DA:19,40
DA:22,13
DA:24,13
DA:30,8
DA:32,8
DA:33,8
DA:35,2
DA:37,2
DA:38,2
DA:40,4
DA:42,4
DA:45,2
DA:47,2
DA:48,2
DA:49,2
DA:50,2
DA:51,0
DA:57,6
DA:59,6
DA:60,6
DA:61,6
DA:62,6
DA:63,6
DA:65,4
DA:67,4
DA:68,4
DA:69,4
DA:70,4
DA:72,4
DA:74,4
DA:75,4
DA:76,4
DA:77,4
DA:78,4
DA:80,7
DA:82,7
DA:85,7
DA:87,7
DA:90,4
DA:92,4
DA:93,4
DA:94,4
DA:95,4
DA:96,4
DA:97,4
DA:98,4
DA:99,0
DA:105,6
DA:107,6
DA:108,6
DA:110,1
DA:112,1
DA:113,1
DA:115,5
DA:117,5
DA:120,1
DA:122,1
DA:123,1
DA:124,1
DA:125,1
DA:126,0
DA:132,7
DA:134,7
DA:135,7
DA:136,7
DA:137,7
DA:138,7
DA:139,7
DA:141,2
DA:143,2
DA:144,2
DA:145,2
DA:146,2
DA:147,2
DA:149,6
DA:151,6
DA:154,3
DA:156,3
DA:159,2
DA:161,2
DA:162,2
DA:163,2
DA:164,2
DA:165,2
DA:166,2
DA:167,2
DA:168,0
DA:175,5
DA:177,5
DA:179,1
DA:181,1
DA:183,1
DA:185,1
DA:186,1
DA:187,1
DA:188,0
DA:195,6
DA:197,6
DA:198,6
DA:199,6
DA:200,6
DA:201,6
DA:203,2
DA:205,2
DA:206,2
DA:207,2
DA:208,2
DA:209,2
DA:211,5
DA:213,5
DA:216,2
DA:218,2
DA:219,2
DA:220,2
DA:221,2
DA:222,2
DA:223,2
DA:224,0
DA:230,5
DA:232,5
DA:234,1
DA:236,1
DA:238,1
DA:240,1
DA:241,1
DA:242,1
DA:243,0
DA:250,6
DA:252,6
DA:253,6
DA:254,6
DA:255,6
DA:256,6
DA:258,2
DA:260,2
DA:261,2
DA:262,2
DA:263,2
DA:264,2
DA:266,6
DA:268,6
DA:271,2
DA:273,2
DA:274,2
DA:275,2
DA:276,2
DA:277,2
DA:278,2
DA:279,0
DA:285,5
DA:287,5
DA:289,1
DA:291,1
DA:293,1
DA:295,1
DA:296,1
DA:297,1
DA:298,0
DA:305,6
DA:307,6
DA:308,6
DA:309,6
DA:310,6
DA:311,6
DA:313,2
DA:315,2
DA:316,2
DA:317,2
DA:318,2
DA:319,2
DA:321,2
DA:323,2
DA:324,2
DA:325,2
DA:326,2
DA:327,2
DA:328,2
DA:329,0
DA:331,6
DA:333,6
DA:340,4
DA:343,4
DA:345,1
DA:348,1
DA:350,1
DA:352,1
DA:353,1
DA:354,1
DA:355,0
DA:363,2
DA:365,2
DA:366,2
DA:367,2
DA:368,2
DA:369,2
DA:371,3
DA:373,3
DA:374,3
DA:375,3
DA:376,3
DA:377,3
DA:378,3
DA:380,2
DA:382,2
DA:383,2
DA:384,2
DA:385,2
DA:386,2
DA:388,2
DA:390,2
DA:391,2
DA:392,2
DA:393,2
DA:394,2
DA:395,2
DA:396,2
DA:397,0
DA:399,1
DA:401,1
DA:404,5
DA:406,5
DA:415,0
DA:417,0
DA:418,0
DA:419,0
DA:420,0
DA:421,0
DA:423,0
DA:424,0
DA:425,0
DA:426,0
DA:427,0
DA:428,0
DA:430,0
DA:431,0
DA:432,0
DA:433,0
DA:435,0
DA:437,0
DA:438,0
DA:439,0
DA:440,0
DA:441,0
DA:442,0
DA:443,0
DA:445,0
DA:447,0
DA:456,6
DA:458,6
DA:459,6
DA:460,6
DA:462,1
DA:464,1
DA:465,1
DA:466,1
DA:468,1
DA:470,1
DA:471,1
DA:472,1
DA:473,1
DA:474,1
DA:475,0
DA:483,3
DA:485,3
DA:486,3
DA:487,3
DA:488,3
DA:489,3
DA:490,3
DA:491,3
DA:492,3
DA:494,2
DA:496,2
DA:497,2
DA:498,2
DA:499,2
DA:500,2
DA:501,2
DA:502,2
DA:503,2
DA:505,4
DA:507,4
DA:508,4
DA:509,4
DA:510,4
DA:511,4
DA:513,2
DA:515,2
DA:516,2
DA:517,2
DA:518,2
DA:519,2
DA:520,2
DA:521,2
DA:522,2
DA:523,2
DA:524,2
DA:525,0
DA:527,3
DA:529,3
DA:532,3
DA:534,3
DA:537,3
DA:539,3
DA:549,0
DA:551,0
DA:552,0
DA:553,0
DA:555,5
DA:557,5
DA:558,5
DA:560,5
DA:562,0
DA:564,0
DA:565,0
DA:566,0
DA:567,5
DA:569,5
DA:572,1
DA:574,1
DA:577,0
DA:579,0
DA:580,0
DA:581,0
DA:582,0
DA:583,0
DA:584,0
DA:593,1
DA:595,1
DA:596,1
DA:597,1
DA:598,1
DA:599,1
DA:600,1
DA:601,1
DA:603,0
DA:605,0
DA:606,0
DA:607,0
DA:608,0
DA:609,0
DA:610,0
DA:611,0
DA:613,4
DA:615,4
DA:616,4
DA:617,4
DA:618,4
DA:619,4
DA:621,0
DA:623,0
DA:624,0
DA:625,0
DA:626,0
DA:627,0
DA:628,0
DA:629,0
DA:630,0
DA:631,0
DA:633,0
DA:636,1
DA:638,1
DA:641,0
DA:643,0
DA:646,0
DA:648,0
DA:651,0
DA:653,0
DA:654,0
DA:655,0
DA:656,0
DA:657,0
DA:658,0
DA:659,0
DA:660,0
DA:661,0
DA:662,0
DA:663,0
LF:387
LH:297
end_of_record
TN:
SF:/home/marija/Desktop/Verifikacija/2024_Analysis_ne-ljuti-se-covece/ne-ljuti-se-covece/src/common/message.h
FN:257,257,_ZN16MovePawnResponse13getEatenColorEv
FN:258,258,_ZN16MovePawnResponse20getEatenPawnNewFieldEv
FNDA:3,_ZN16MovePawnResponse13getEatenColorEv
FNDA:2,_ZN16MovePawnResponse20getEatenPawnNewFieldEv
FNF:2
FNH:2
DA:257,3
DA:258,2
LF:2
LH:2
end_of_record
TN:
SF:/home/marija/Desktop/Verifikacija/2024_Analysis_ne-ljuti-se-covece/ne-ljuti-se-covece/src/common/messagefactory.cpp
FN:10,89,_ZN14MessageFactory13createMessageE10QByteArray
FN:4,8,_ZN14MessageFactoryC2EP7QObject
FNDA:18,_ZN14MessageFactory13createMessageE10QByteArray
FNDA:0,_ZN14MessageFactoryC2EP7QObject
FNF:2
FNH:1
DA:4,0
DA:5,0
DA:8,0
DA:10,18
DA:12,18
DA:13,18
DA:15,18
DA:17,18
DA:19,2
DA:21,16
DA:23,1
DA:25,15
DA:27,1
DA:29,14
DA:31,2
DA:33,12
DA:35,1
DA:37,11
DA:39,2
DA:41,9
DA:43,1
DA:45,8
DA:47,2
DA:49,6
DA:51,1
DA:53,5
DA:55,2
DA:57,3
DA:59,1
DA:61,2
DA:63,2
DA:65,0
DA:67,0
DA:69,0
DA:71,0
DA:73,0
DA:75,0
DA:77,0
DA:79,0
DA:81,0
DA:83,0
DA:86,0
DA:87,0
DA:89,18
LF:44
LH:29
end_of_record
TN:
SF:/home/marija/Desktop/Verifikacija/2024_Analysis_ne-ljuti-se-covece/ne-ljuti-se-covece/src/common/turncontext.cpp
FN:14,17,_ZN11TurnContext18setLastRolledValueEi
FN:19,25,_ZN11TurnContext5resetEv
FN:27,30,_ZN11TurnContext10useOneRollEv
FN:3,7,_ZN11TurnContextC2EP7QObject
FN:32,35,_ZN11TurnContext11gainOneRollEv
FN:37,40,_ZN11TurnContext10useOneMoveEv
FN:42,45,_ZN11TurnContext11gainOneMoveEv
FN:47,50,_ZNK11TurnContext21getCurrentPlayerColorEv
FN:52,55,_ZN11TurnContext21setCurrentPlayerColorE5Color
FN:57,60,_ZNK11TurnContext25getRemainingNumberOfMovesEv
FN:62,65,_ZN11TurnContext25setRemainingNumberOfMovesEi
FN:67,70,_ZNK11TurnContext26getRemainingNumberOfRollesEv
FN:9,12,_ZNK11TurnContext18getLastRolledValueEv
FNDA:15,_ZN11TurnContext18setLastRolledValueEi
FNDA:40,_ZN11TurnContext5resetEv
FNDA:7,_ZN11TurnContext10useOneRollEv
FNDA:36,_ZN11TurnContextC2EP7QObject
FNDA:5,_ZN11TurnContext11gainOneRollEv
FNDA:2,_ZN11TurnContext10useOneMoveEv
FNDA:3,_ZN11TurnContext11gainOneMoveEv
FNDA:25,_ZNK11TurnContext21getCurrentPlayerColorEv
FNDA:14,_ZN11TurnContext21setCurrentPlayerColorE5Color
FNDA:10,_ZNK11TurnContext25getRemainingNumberOfMovesEv
FNDA:2,_ZN11TurnContext25setRemainingNumberOfMovesEi
FNDA:16,_ZNK11TurnContext26getRemainingNumberOfRollesEv
FNDA:19,_ZNK11TurnContext18getLastRolledValueEv
FNF:13
FNH:13
DA:3,36
DA:4,36
DA:6,36
DA:7,36
DA:9,19
DA:11,19
DA:14,15
DA:16,15
DA:17,15
DA:19,40
DA:21,40
DA:22,40
DA:23,40
DA:24,40
DA:25,40
DA:27,7
DA:29,7
DA:30,7
DA:32,5
DA:34,5
DA:35,5
DA:37,2
DA:39,2
DA:40,2
DA:42,3
DA:44,3
DA:45,3
DA:47,25
DA:49,25
DA:52,14
DA:54,14
DA:55,14
DA:57,10
DA:59,10
DA:62,2
DA:64,2
DA:65,2
DA:67,16
DA:69,16
LF:39
LH:39
end_of_record
TN:
SF:/home/marija/Desktop/Verifikacija/2024_Analysis_ne-ljuti-se-covece/ne-ljuti-se-covece/src/common/turncontext.h
FN:29,29,_ZN11TurnContext21increseNumberOfMagicsEv
FN:30,30,_ZNK11TurnContext17getNumberOfMagicsEv
FNDA:1,_ZN11TurnContext21increseNumberOfMagicsEv
FNDA:1,_ZNK11TurnContext17getNumberOfMagicsEv
FNF:2
FNH:2
DA:29,1
DA:30,1
LF:2
LH:2
end_of_record
TN:
SF:/home/marija/Desktop/Verifikacija/2024_Analysis_ne-ljuti-se-covece/ne-ljuti-se-covece/src/server/board.cpp
FN:10,16,_ZN5Board10addPlayersEi
FN:111,124,_ZN5Board21tryCapturingEnemyPawnEP6Square5Color
FN:126,137,_ZN5Board16makeBasePawnMoveE7QString5Colori
FN:139,167,_ZN5Board17makeFieldPawnMoveE7QString5Colori
FN:169,182,_ZN5Board16makeSafePawnMoveE7QString5Colori
FN:18,24,_ZN5Board9addPlayerE5Color
FN:184,203,_ZNK5Board14isGameFinishedEv
FN:2,8,_ZN5BoardC2EiP7QObject
FN:205,208,_ZNK5Board9getPlayerE5Color
FN:210,224,_ZN5Board17hasValidPawnMovesE5Colori
FN:226,232,_ZN5Board18decreaseCapturableEv
FN:234,245,_ZN5Board15initializeTableEv
FN:26,56,_ZN5Board15isPawnMoveValidE7QString5Colori
FN:58,64,_ZN5Board20validateBasePawnMoveEi5Colori
FN:66,80,_ZN5Board21validateFieldPawnMoveEi5Colori
FN:82,91,_ZN5Board24validateSafeZonePawnMoveEi5Colori
FN:93,109,_ZN5Board12makePawnMoveE7QString5Colori
FNDA:35,_ZN5Board10addPlayersEi
FNDA:6,_ZN5Board21tryCapturingEnemyPawnEP6Square5Color
FNDA:4,_ZN5Board16makeBasePawnMoveE7QString5Colori
FNDA:2,_ZN5Board17makeFieldPawnMoveE7QString5Colori
FNDA:0,_ZN5Board16makeSafePawnMoveE7QString5Colori
FNDA:141,_ZN5Board9addPlayerE5Color
FNDA:1,_ZNK5Board14isGameFinishedEv
FNDA:35,_ZN5BoardC2EiP7QObject
FNDA:18,_ZNK5Board9getPlayerE5Color
FNDA:7,_ZN5Board17hasValidPawnMovesE5Colori
FNDA:1,_ZN5Board18decreaseCapturableEv
FNDA:35,_ZN5Board15initializeTableEv
FNDA:25,_ZN5Board15isPawnMoveValidE7QString5Colori
FNDA:20,_ZN5Board20validateBasePawnMoveEi5Colori
FNDA:5,_ZN5Board21validateFieldPawnMoveEi5Colori
FNDA:0,_ZN5Board24validateSafeZonePawnMoveEi5Colori
FNDA:6,_ZN5Board12makePawnMoveE7QString5Colori
FNF:17
FNH:15
DA:2,35
DA:3,35
DA:5,35
DA:6,35
DA:7,35
DA:8,35
DA:10,35
DA:12,35
DA:13,175
DA:14,140
DA:16,35
DA:18,141
DA:20,141
DA:21,141
DA:22,141
DA:23,141
DA:24,141
DA:26,25
DA:28,50
DA:29,44
DA:30,58
DA:31,32
DA:34,20
DA:35,20
DA:37,5
DA:39,5
DA:40,5
DA:42,0
DA:44,0
DA:45,0
DA:46,0
DA:47,0
DA:49,0
DA:51,0
DA:54,0
DA:55,0
DA:58,20
DA:60,20
DA:61,20
DA:62,20
DA:63,20
DA:66,5
DA:68,5
DA:69,5
DA:70,5
DA:71,5
DA:73,4
DA:75,10
DA:76,5
DA:77,5
DA:78,5
DA:79,10
DA:82,0
DA:84,0
DA:86,0
DA:88,0
DA:89,0
DA:90,0
DA:93,6
DA:96,6
DA:98,4
DA:100,2
DA:102,2
DA:104,0
DA:106,0
DA:108,0
DA:111,6
DA:113,6
DA:115,0
DA:116,0
DA:117,0
DA:118,0
DA:119,0
DA:120,0
DA:121,0
DA:123,6
DA:126,4
DA:128,4
DA:129,4
DA:130,4
DA:131,4
DA:132,4
DA:133,4
DA:134,4
DA:135,4
DA:136,4
DA:139,2
DA:141,2
DA:142,2
DA:143,2
DA:144,2
DA:145,2
DA:147,1
DA:149,2
DA:151,0
DA:152,0
DA:153,0
DA:154,0
DA:155,0
DA:156,0
DA:160,2
DA:161,2
DA:162,2
DA:163,2
DA:164,2
DA:165,2
DA:169,0
DA:171,0
DA:173,0
DA:174,0
DA:176,0
DA:177,0
DA:178,0
DA:179,0
DA:180,0
DA:181,0
DA:184,1
DA:187,5
DA:189,4
DA:190,20
DA:191,16
DA:192,16
DA:194,16
DA:196,16
DA:197,4
DA:199,0
DA:202,1
DA:205,18
DA:207,18
DA:210,7
DA:212,7
DA:214,15
DA:215,13
DA:217,13
DA:218,13
DA:219,5
DA:221,13
DA:223,2
DA:226,1
DA:227,5
DA:228,4
DA:229,0
DA:232,1
DA:234,35
DA:240,1855
DA:242,1855
DA:243,1820
DA:245,70
LF:148
LH:105
end_of_record
TN:
SF:/home/marija/Desktop/Verifikacija/2024_Analysis_ne-ljuti-se-covece/ne-ljuti-se-covece/src/server/board.h
FN:30,30,_ZNK5Board12isCapturableE5Color
FN:39,39,_ZN5Board15setUncapturableE5Color
FNDA:15,_ZNK5Board12isCapturableE5Color
FNDA:5,_ZN5Board15setUncapturableE5Color
FNF:2
FNH:2
DA:30,15
DA:39,5
LF:2
LH:2
end_of_record
TN:
SF:/home/marija/Desktop/Verifikacija/2024_Analysis_ne-ljuti-se-covece/ne-ljuti-se-covece/src/server/handlers.cpp
FN:119,143,_ZN23StartGameMessageHandler13handleMessageEP7MessageP15BaseParticipant
FN:12,15,_ZN14DefaultHandler13handleMessageEP7MessageP15BaseParticipant
FN:145,183,_ZN21EndTurnMessageHandler13handleMessageEP7MessageP15BaseParticipant
FN:17,59,_ZN24CreateGameMessageHandler13handleMessageEP7MessageP15BaseParticipant
FN:185,206,_ZN22RollDiceMessageHandler13handleMessageEP7MessageP15BaseParticipant
FN:208,262,_ZN22MovePawnMessageHandler13handleMessageEP7MessageP15BaseParticipant
FN:264,314,_ZN27ActivateMagicMessageHandler13handleMessageEP7MessageP15BaseParticipant
FN:6,10,_ZN12ChainElementC2EPS_
FN:61,95,_ZN22JoinGameMessageHandler13handleMessageEP7MessageP15BaseParticipant
FN:97,117,_ZN25PlayerReadyMessageHandler13handleMessageEP7MessageP15BaseParticipant
FNDA:4,_ZN23StartGameMessageHandler13handleMessageEP7MessageP15BaseParticipant
FNDA:0,_ZN14DefaultHandler13handleMessageEP7MessageP15BaseParticipant
FNDA:4,_ZN21EndTurnMessageHandler13handleMessageEP7MessageP15BaseParticipant
FNDA:6,_ZN24CreateGameMessageHandler13handleMessageEP7MessageP15BaseParticipant
FNDA:3,_ZN22RollDiceMessageHandler13handleMessageEP7MessageP15BaseParticipant
FNDA:5,_ZN22MovePawnMessageHandler13handleMessageEP7MessageP15BaseParticipant
FNDA:5,_ZN27ActivateMagicMessageHandler13handleMessageEP7MessageP15BaseParticipant
FNDA:784,_ZN12ChainElementC2EPS_
FNDA:5,_ZN22JoinGameMessageHandler13handleMessageEP7MessageP15BaseParticipant
FNDA:4,_ZN25PlayerReadyMessageHandler13handleMessageEP7MessageP15BaseParticipant
FNF:10
FNH:9
DA:6,784
DA:7,784
DA:9,784
DA:10,784
DA:12,0
DA:14,0
DA:17,6
DA:19,6
DA:21,6
DA:23,6
DA:24,6
DA:26,1
DA:28,5
DA:30,1
DA:33,4
DA:34,4
DA:35,4
DA:37,4
DA:40,4
DA:41,4
DA:43,9
DA:45,5
DA:46,5
DA:47,5
DA:48,5
DA:49,5
DA:51,5
DA:54,4
DA:58,0
DA:61,5
DA:63,5
DA:66,5
DA:68,5
DA:70,5
DA:72,1
DA:75,4
DA:76,4
DA:78,4
DA:79,1
DA:82,3
DA:83,3
DA:84,1
DA:87,2
DA:88,2
DA:90,2
DA:94,0
DA:97,4
DA:99,4
DA:102,4
DA:104,4
DA:106,1
DA:109,3
DA:110,3
DA:111,3
DA:112,3
DA:113,3
DA:116,0
DA:119,4
DA:121,4
DA:124,4
DA:126,4
DA:128,4
DA:129,1
DA:132,3
DA:133,3
DA:134,3
DA:135,2
DA:136,2
DA:138,3
DA:139,3
DA:142,0
DA:145,4
DA:147,4
DA:150,4
DA:152,4
DA:154,4
DA:155,1
DA:158,3
DA:160,1
DA:163,2
DA:164,3
DA:165,1
DA:167,1
DA:170,1
DA:171,1
DA:172,1
DA:173,1
DA:175,1
DA:176,0
DA:178,1
DA:182,0
DA:185,3
DA:187,3
DA:190,3
DA:192,3
DA:194,1
DA:197,2
DA:199,1
DA:201,1
DA:205,0
DA:208,5
DA:210,5
DA:213,5
DA:215,5
DA:217,1
DA:220,4
DA:222,1
DA:225,5
DA:226,2
DA:228,1
DA:231,2
DA:232,2
DA:234,0
DA:237,2
DA:238,2
DA:239,2
DA:240,2
DA:242,2
DA:246,0
DA:247,0
DA:248,0
DA:249,0
DA:250,0
DA:251,0
DA:252,0
DA:253,0
DA:254,0
DA:256,0
DA:258,2
DA:261,0
DA:264,5
DA:266,5
DA:269,5
DA:271,5
DA:273,5
DA:274,1
DA:276,4
DA:277,1
DA:279,3
DA:281,1
DA:283,6
DA:284,4
DA:286,1
DA:288,1
DA:290,0
DA:292,1
DA:295,1
DA:296,1
DA:297,0
DA:298,0
DA:300,1
DA:302,1
DA:304,0
DA:308,1
DA:310,5
DA:313,0
LF:156
LH:130
end_of_record
TN:
SF:/home/marija/Desktop/Verifikacija/2024_Analysis_ne-ljuti-se-covece/ne-ljuti-se-covece/src/server/handlers.h
FN:105,106,_ZN27ActivateMagicMessageHandlerC2EP12ChainElement
FN:24,25,_ZN14DefaultHandlerC2EP12ChainElement
FN:34,35,_ZN24CreateGameMessageHandlerC2EP12ChainElement
FN:44,45,_ZN22JoinGameMessageHandlerC2EP12ChainElement
FN:54,55,_ZN25PlayerReadyMessageHandlerC2EP12ChainElement
FN:64,65,_ZN23StartGameMessageHandlerC2EP12ChainElement
FN:75,76,_ZN21EndTurnMessageHandlerC2EP12ChainElement
FN:85,86,_ZN22RollDiceMessageHandlerC2EP12ChainElement
FN:95,96,_ZN22MovePawnMessageHandlerC2EP12ChainElement
FNDA:85,_ZN27ActivateMagicMessageHandlerC2EP12ChainElement
FNDA:112,_ZN14DefaultHandlerC2EP12ChainElement
FNDA:85,_ZN24CreateGameMessageHandlerC2EP12ChainElement
FNDA:84,_ZN22JoinGameMessageHandlerC2EP12ChainElement
FNDA:83,_ZN25PlayerReadyMessageHandlerC2EP12ChainElement
FNDA:83,_ZN23StartGameMessageHandlerC2EP12ChainElement
FNDA:84,_ZN21EndTurnMessageHandlerC2EP12ChainElement
FNDA:83,_ZN22RollDiceMessageHandlerC2EP12ChainElement
FNDA:85,_ZN22MovePawnMessageHandlerC2EP12ChainElement
FNF:9
FNH:9
DA:24,112
DA:25,112
DA:34,85
DA:35,85
DA:44,84
DA:45,84
DA:54,83
DA:55,83
DA:64,83
DA:65,83
DA:75,84
DA:76,84
DA:85,83
DA:86,83
DA:95,85
DA:96,85
DA:105,85
DA:106,85
LF:18
LH:18
end_of_record
TN:
SF:/home/marija/Desktop/Verifikacija/2024_Analysis_ne-ljuti-se-covece/ne-ljuti-se-covece/src/server/managers.cpp
FN:103,106,_ZN11GameManager17broadcastResponseEP7Message
FN:108,120,_ZN11GameManager13playerIsReadyE5Color
FN:122,144,_ZN11GameManager9startGameE5Color
FN:146,153,_ZN11GameManager10nextPlayerE5Color
FN:155,157,_ZN11GameManager13shouldEndGameEv
FN:159,162,_ZN11GameManager13hasValidMovesE5Color
FN:164,167,_ZNK11GameManager14getTurnContextEv
FN:169,172,_ZNK11GameManager13isGameStartedEv
FN:174,177,_ZNK11GameManager15getParticepantsEv
FN:180,193,_ZN14MessageManagerC2EP7QObject
FN:195,201,_ZN14MessageManager13handleMessageERK10QByteArrayP15BaseParticipant
FN:203,206,_ZNK14MessageManager15getChainElementEv
FN:24,35,_ZN11GameManager8joinGameEP15BaseParticipant
FN:37,42,_ZN11GameManager8rollDiceEv
FN:44,56,_ZN11GameManager8movePawnE7QString5Color
FN:58,61,_ZN11GameManager11isValidMoveE7QString5Color
FN:63,65,_ZN11GameManager19decreaseShieldMagicEv
FN:67,72,_ZNK11GameManager16isMagicAvailableE7QString
FN:74,94,_ZN11GameManager8useMagicE7QStringi
FN:9,22,_ZN11GameManagerC2E7QStringP7QObject
FN:96,101,_ZNK11GameManager25getNumberOfRemainingMagicE7QString
FNDA:0,_ZN11GameManager17broadcastResponseEP7Message
FNDA:8,_ZN11GameManager13playerIsReadyE5Color
FNDA:3,_ZN11GameManager9startGameE5Color
FNDA:6,_ZN11GameManager10nextPlayerE5Color
FNDA:1,_ZN11GameManager13shouldEndGameEv
FNDA:1,_ZN11GameManager13hasValidMovesE5Color
FNDA:87,_ZNK11GameManager14getTurnContextEv
FNDA:4,_ZNK11GameManager13isGameStartedEv
FNDA:2,_ZNK11GameManager15getParticepantsEv
FNDA:80,_ZN14MessageManagerC2EP7QObject
FNDA:0,_ZN14MessageManager13handleMessageERK10QByteArrayP15BaseParticipant
FNDA:9,_ZNK14MessageManager15getChainElementEv
FNDA:58,_ZN11GameManager8joinGameEP15BaseParticipant
FNDA:1,_ZN11GameManager8rollDiceEv
FNDA:2,_ZN11GameManager8movePawnE7QString5Color
FNDA:2,_ZN11GameManager11isValidMoveE7QString5Color
FNDA:1,_ZN11GameManager19decreaseShieldMagicEv
FNDA:4,_ZNK11GameManager16isMagicAvailableE7QString
FNDA:5,_ZN11GameManager8useMagicE7QStringi
FNDA:29,_ZN11GameManagerC2E7QStringP7QObject
FNDA:1,_ZNK11GameManager25getNumberOfRemainingMagicE7QString
FNF:21
FNH:19
DA:9,29
DA:10,29
DA:12,29
DA:13,29
DA:14,29
DA:15,29
DA:16,29
DA:17,29
DA:18,29
DA:19,29
DA:20,29
DA:21,29
DA:22,29
DA:24,58
DA:26,58
DA:28,1
DA:33,57
DA:34,57
DA:37,1
DA:39,1
DA:40,1
DA:41,1
DA:44,2
DA:47,2
DA:48,1
DA:50,1
DA:53,2
DA:54,2
DA:55,2
DA:56,0
DA:58,2
DA:60,2
DA:63,1
DA:64,1
DA:65,1
DA:67,4
DA:69,4
DA:70,4
DA:71,4
DA:74,5
DA:76,5
DA:77,5
DA:78,5
DA:79,5
DA:80,5
DA:81,5
DA:82,0
DA:83,5
DA:84,5
DA:85,0
DA:86,0
DA:87,0
DA:88,0
DA:89,0
DA:90,0
DA:92,5
DA:93,5
DA:96,1
DA:98,1
DA:99,1
DA:100,1
DA:103,0
DA:105,0
DA:106,0
DA:108,8
DA:110,8
DA:113,1
DA:114,1
DA:117,7
DA:118,7
DA:119,7
DA:122,3
DA:124,3
DA:125,0
DA:126,0
DA:129,3
DA:130,2
DA:131,2
DA:133,2
DA:134,2
DA:135,2
DA:138,2
DA:139,1
DA:140,1
DA:141,1
DA:143,1
DA:146,6
DA:147,6
DA:148,0
DA:149,0
DA:152,6
DA:155,1
DA:156,1
DA:159,1
DA:161,1
DA:164,87
DA:166,87
DA:169,4
DA:171,4
DA:174,2
DA:176,2
DA:180,80
DA:181,80
DA:183,0
DA:192,80
DA:193,80
DA:195,0
DA:196,0
DA:197,0
DA:199,0
DA:200,0
DA:203,9
DA:205,9
LF:113
LH:92
end_of_record
TN:
SF:/home/marija/Desktop/Verifikacija/2024_Analysis_ne-ljuti-se-covece/ne-ljuti-se-covece/src/server/participants.cpp
FN:103,106,_ZN3Bot18prepareReadyStatusEv
FN:108,124,_ZN3Bot16generateNextMoveEP8Response
FN:126,137,_ZN3Bot11sendMessageE10QByteArray
FN:13,26,_ZN15BaseParticipant12sendResponseEP8Response
FN:139,160,_ZN3Bot32generateMessageOnEndTurnResponseEP8Response
FN:162,176,_ZN3Bot33generateMessageOnRollDiceResponseEP8Response
FN:178,200,_ZN3Bot33generateMessageOnMovePawnResponseEP8Response
FN:202,206,_ZN3Bot18randomlySelectPawnEv
FN:208,211,_ZN3Bot12hasValidMoveEv
FN:213,216,_ZNK3Bot8getColorEv
FN:218,223,_ZN18BroadcastingThreadC2EP11GameManagerP8Response
FN:225,229,_ZN18BroadcastingThread3runEv
FN:28,33,_ZN23ServerThreadParticipantC2EiP7QObject
FN:35,37,_ZN23ServerThreadParticipantD0Ev
FN:35,37,_ZN23ServerThreadParticipantD2Ev
FN:39,55,_ZN23ServerThreadParticipant3runEv
FN:57,67,_ZN23ServerThreadParticipant9readyReadEv
FN:69,76,_ZN23ServerThreadParticipant12disconnectedEv
FN:7,11,_ZN15BaseParticipantC2EP7QObject
FN:78,86,_ZN23ServerThreadParticipant11sendMessageE10QByteArray
FN:88,94,_ZN3BotC2EP11GameManager5ColorP7QObject
FN:96,101,_ZN3Bot3runEv
FNDA:5,_ZN3Bot18prepareReadyStatusEv
FNDA:0,_ZN3Bot16generateNextMoveEP8Response
FNDA:0,_ZN3Bot11sendMessageE10QByteArray
FNDA:0,_ZN15BaseParticipant12sendResponseEP8Response
FNDA:0,_ZN3Bot32generateMessageOnEndTurnResponseEP8Response
FNDA:0,_ZN3Bot33generateMessageOnRollDiceResponseEP8Response
FNDA:0,_ZN3Bot33generateMessageOnMovePawnResponseEP8Response
FNDA:0,_ZN3Bot18randomlySelectPawnEv
FNDA:0,_ZN3Bot12hasValidMoveEv
FNDA:10,_ZNK3Bot8getColorEv
FNDA:0,_ZN18BroadcastingThreadC2EP11GameManagerP8Response
FNDA:0,_ZN18BroadcastingThread3runEv
FNDA:66,_ZN23ServerThreadParticipantC2EiP7QObject
FNDA:1,_ZN23ServerThreadParticipantD0Ev
FNDA:1,_ZN23ServerThreadParticipantD2Ev
FNDA:0,_ZN23ServerThreadParticipant3runEv
FNDA:0,_ZN23ServerThreadParticipant9readyReadEv
FNDA:0,_ZN23ServerThreadParticipant12disconnectedEv
FNDA:71,_ZN15BaseParticipantC2EP7QObject
FNDA:0,_ZN23ServerThreadParticipant11sendMessageE10QByteArray
FNDA:5,_ZN3BotC2EP11GameManager5ColorP7QObject
FNDA:5,_ZN3Bot3runEv
FNF:22
FNH:8
DA:7,71
DA:8,71
DA:10,71
DA:11,71
DA:13,0
DA:15,0
DA:17,0
DA:18,0
DA:19,0
DA:23,0
DA:24,0
DA:26,0
DA:28,66
DA:29,66
DA:31,66
DA:32,66
DA:33,66
DA:35,2
DA:37,2
DA:39,0
DA:41,0
DA:42,0
DA:44,0
DA:46,0
DA:47,0
DA:50,0
DA:51,0
DA:53,0
DA:54,0
DA:57,0
DA:60,0
DA:61,0
DA:62,0
DA:63,0
DA:64,0
DA:65,0
DA:66,0
DA:67,0
DA:69,0
DA:71,0
DA:72,0
DA:73,0
DA:75,0
DA:76,0
DA:78,0
DA:81,0
DA:84,0
DA:85,0
DA:86,0
DA:88,5
DA:89,5
DA:91,5
DA:92,5
DA:93,5
DA:94,5
DA:96,5
DA:98,5
DA:99,5
DA:100,5
DA:101,0
DA:103,5
DA:105,5
DA:106,5
DA:108,0
DA:110,0
DA:111,0
DA:113,0
DA:114,0
DA:117,0
DA:119,0
DA:120,0
DA:123,0
DA:126,0
DA:129,0
DA:130,0
DA:131,0
DA:133,0
DA:134,0
DA:135,0
DA:137,0
DA:139,0
DA:141,0
DA:143,0
DA:145,0
DA:146,0
DA:150,0
DA:154,0
DA:155,0
DA:159,0
DA:162,0
DA:164,0
DA:166,0
DA:167,0
DA:169,0
DA:170,0
DA:172,0
DA:175,0
DA:178,0
DA:180,0
DA:182,0
DA:183,0
DA:184,0
DA:188,0
DA:189,0
DA:190,0
DA:192,0
DA:195,0
DA:199,0
DA:202,0
DA:204,0
DA:205,0
DA:208,0
DA:210,0
DA:213,10
DA:215,10
DA:218,0
DA:219,0
DA:221,0
DA:222,0
DA:223,0
DA:225,0
DA:227,0
DA:228,0
DA:229,0
LF:124
LH:26
end_of_record
TN:
SF:/home/marija/Desktop/Verifikacija/2024_Analysis_ne-ljuti-se-covece/ne-ljuti-se-covece/src/server/pawn.cpp
FN:11,14,_ZN4PawnD0Ev
FN:11,14,_ZN4PawnD2Ev
FN:16,19,_ZNK4Pawn9getSquareEv
FN:3,9,_ZN4PawnC2E5ColorP6SquareP7QObject
FNDA:0,_ZN4PawnD0Ev
FNDA:0,_ZN4PawnD2Ev
FNDA:32,_ZNK4Pawn9getSquareEv
FNDA:564,_ZN4PawnC2E5ColorP6SquareP7QObject
FNF:4
FNH:2
DA:3,564
DA:5,564
DA:6,564
DA:7,564
DA:8,564
DA:9,564
DA:11,0
DA:14,0
DA:16,32
DA:18,32
LF:10
LH:8
end_of_record
TN:
SF:/home/marija/Desktop/Verifikacija/2024_Analysis_ne-ljuti-se-covece/ne-ljuti-se-covece/src/server/pawn.h
FN:24,24,_ZN4Pawn12updateSquareEP6Square
FNDA:6,_ZN4Pawn12updateSquareEP6Square
FNF:1
FNH:1
DA:24,6
LF:1
LH:1
end_of_record
TN:
SF:/home/marija/Desktop/Verifikacija/2024_Analysis_ne-ljuti-se-covece/ne-ljuti-se-covece/src/server/player.cpp
FN:18,24,_ZN6Player10initMagicsEv
FN:26,30,_ZN6Player10updatePawnEP4PawniP6Square
FN:3,16,_ZN6PlayerC2E5ColoriiP7QObject
FN:32,41,_ZNK6Player18findFreeBaseSquareEv
FN:43,65,_ZN6Player23initializeFinishSquaresEv
FN:67,89,_ZN6Player22initializeStartSquaresEv
FNDA:141,_ZN6Player10initMagicsEv
FNDA:6,_ZN6Player10updatePawnEP4PawniP6Square
FNDA:141,_ZN6PlayerC2E5ColoriiP7QObject
FNDA:0,_ZNK6Player18findFreeBaseSquareEv
FNDA:141,_ZN6Player23initializeFinishSquaresEv
FNDA:141,_ZN6Player22initializeStartSquaresEv
FNF:6
FNH:5
DA:3,141
DA:4,141
DA:6,141
DA:7,141
DA:8,141
DA:9,141
DA:10,141
DA:11,141
DA:12,705
DA:14,564
DA:16,141
DA:18,141
DA:20,846
DA:21,846
DA:22,705
DA:24,282
DA:26,6
DA:28,6
DA:29,6
DA:30,6
DA:32,0
DA:34,0
DA:35,0
DA:36,0
DA:39,0
DA:40,0
DA:43,141
DA:45,141
DA:46,141
DA:47,35
DA:49,106
DA:50,36
DA:52,70
DA:53,35
DA:55,35
DA:56,35
DA:59,705
DA:60,705
DA:61,564
DA:62,564
DA:63,564
DA:64,564
DA:65,282
DA:67,141
DA:69,141
DA:70,141
DA:71,35
DA:73,106
DA:74,36
DA:76,70
DA:77,35
DA:79,35
DA:80,35
DA:82,705
DA:83,705
DA:84,564
DA:85,564
DA:86,564
DA:88,564
DA:89,282
LF:60
LH:54
end_of_record
TN:
SF:/home/marija/Desktop/Verifikacija/2024_Analysis_ne-ljuti-se-covece/ne-ljuti-se-covece/src/server/player.h
FN:27,27,_ZNK6Player12getPawnByIdxEi
FN:31,31,_ZNK6Player8getColorEv
FN:32,32,_ZNK6Player12getEndSquareEv
FN:33,33,_ZNK6Player14getStartSquareEv
FN:34,34,_ZN6Player15getEndingSquareEi
FN:35,35,_ZNK6Player17getStartingSquareEi
FN:36,36,_ZN6Player16isMagicAvailableE7QString
FN:37,37,_ZN6Player13activateMagicE7QString
FN:38,38,_ZNK6Player16getNumberOfMagicE7QString
FNDA:39,_ZNK6Player12getPawnByIdxEi
FNDA:4,_ZNK6Player8getColorEv
FNDA:7,_ZNK6Player12getEndSquareEv
FNDA:32,_ZNK6Player14getStartSquareEv
FNDA:0,_ZN6Player15getEndingSquareEi
FNDA:28,_ZNK6Player17getStartingSquareEi
FNDA:4,_ZN6Player16isMagicAvailableE7QString
FNDA:5,_ZN6Player13activateMagicE7QString
FNDA:1,_ZNK6Player16getNumberOfMagicE7QString
FNF:9
FNH:8
DA:27,39
DA:31,4
DA:32,7
DA:33,32
DA:34,0
DA:35,28
DA:36,4
DA:37,5
DA:38,1
LF:9
LH:8
end_of_record
TN:
SF:/home/marija/Desktop/Verifikacija/2024_Analysis_ne-ljuti-se-covece/ne-ljuti-se-covece/src/server/server.cpp
FN:16,19,_ZN6ServerD0Ev
FN:16,19,_ZN6ServerD2Ev
FN:21,28,_ZN6Server11getInstanceEv
FN:30,42,_ZN6Server11startServerEv
FN:44,52,_ZN6Server18incomingConnectionEx
FN:54,64,_ZN6Server22generateRandomGameCodeEv
FN:65,72,_ZN6Server19generateNewGameCodeEv
FN:75,78,_ZN6Server14gameCodeExistsE7QString
FN:80,82,_ZN6Server8joinGameE7QString
FN:84,90,_ZN6Server15generateNewGameEv
FN:9,14,_ZN6ServerC2EP7QObject
FNDA:0,_ZN6ServerD0Ev
FNDA:0,_ZN6ServerD2Ev
FNDA:33,_ZN6Server11getInstanceEv
FNDA:1,_ZN6Server11startServerEv
FNDA:0,_ZN6Server18incomingConnectionEx
FNDA:29,_ZN6Server22generateRandomGameCodeEv
FNDA:29,_ZN6Server19generateNewGameCodeEv
FNDA:29,_ZN6Server14gameCodeExistsE7QString
FNDA:4,_ZN6Server8joinGameE7QString
FNDA:29,_ZN6Server15generateNewGameEv
FNDA:1,_ZN6ServerC2EP7QObject
FNF:11
FNH:8
DA:9,1
DA:10,1
DA:12,1
DA:14,1
DA:16,0
DA:18,0
DA:19,0
DA:21,33
DA:23,33
DA:24,1
DA:25,1
DA:27,33
DA:30,1
DA:32,1
DA:34,0
DA:35,0
DA:39,1
DA:40,1
DA:44,0
DA:46,0
DA:48,0
DA:49,0
DA:50,0
DA:51,0
DA:52,0
DA:54,29
DA:56,29
DA:57,29
DA:59,232
DA:60,203
DA:61,203
DA:63,58
DA:64,29
DA:65,29
DA:67,29
DA:69,29
DA:70,29
DA:71,29
DA:72,0
DA:75,29
DA:77,29
DA:80,4
DA:81,4
DA:84,29
DA:86,29
DA:87,29
DA:88,29
DA:89,29
DA:90,29
LF:49
LH:36
end_of_record
TN:
SF:/home/marija/Desktop/Verifikacija/2024_Analysis_ne-ljuti-se-covece/ne-ljuti-se-covece/src/server/square.cpp
FN:11,17,_ZN6SquareC2E7QString5ColoriP7QObject
FN:19,22,_ZN6SquareD0Ev
FN:19,22,_ZN6SquareD2Ev
FN:24,28,_ZN6Square12updateSquareE5Colori
FN:3,9,_ZN6SquareC2E7QStringP7QObject
FNDA:564,_ZN6SquareC2E7QString5ColoriP7QObject
FNDA:0,_ZN6SquareD0Ev
FNDA:0,_ZN6SquareD2Ev
FNDA:13,_ZN6Square12updateSquareE5Colori
FNDA:2384,_ZN6SquareC2E7QStringP7QObject
FNF:5
FNH:3
DA:3,2384
DA:4,2384
DA:6,2384
DA:7,2384
DA:8,2384
DA:9,2384
DA:11,564
DA:12,564
DA:14,564
DA:15,564
DA:16,564
DA:17,564
DA:19,0
DA:22,0
DA:24,13
DA:26,13
DA:27,13
DA:28,13
LF:18
LH:16
end_of_record
TN:
SF:/home/marija/Desktop/Verifikacija/2024_Analysis_ne-ljuti-se-covece/ne-ljuti-se-covece/src/server/square.h
FN:25,25,_ZNK6Square10getPawnIdxEv
FN:26,26,_ZNK6Square7getNameEv
FN:28,28,_ZNK6Square8getColorEv
FNDA:8,_ZNK6Square10getPawnIdxEv
FNDA:36,_ZNK6Square7getNameEv
FNDA:69,_ZNK6Square8getColorEv
FNF:3
FNH:3
DA:25,8
DA:26,36
DA:28,69
LF:3
LH:3
end_of_record
